   Build using "/opt/Xilinx/Vivado/2020.1/tps/lnx64/gcc-6.2.0/bin/g++"
   Compiling apatb_farthest_point_sampling.cpp
   Compiling (apcc) fps_test.c_pre.c.tb.c
INFO: [HLS 200-10] Running '/opt/Xilinx/Vivado/2020.1/bin/unwrapped/lnx64.o/apcc'
INFO: [HLS 200-10] For user 'hanmeng' on host 'G1045' (Linux_x86_64 version 5.4.0-65-generic) on Fri Feb 26 14:11:06 CST 2021
INFO: [HLS 200-10] On os Ubuntu 18.04.5 LTS
INFO: [HLS 200-10] In directory '/home/hanmeng/Documents/tinyFPS/hls/FPS/basic/sim/wrapc'
clang: warning: argument unused during compilation: '-fno-builtin-isinf'
clang: warning: argument unused during compilation: '-fno-builtin-isnan'
INFO: [APCC 202-3] Tmp directory is /tmp/apcc_db_hanmeng/283811614319866284562
INFO: [APCC 202-1] APCC is done.
   Compiling (apcc) fps.c_pre.c.tb.c
INFO: [HLS 200-10] Running '/opt/Xilinx/Vivado/2020.1/bin/unwrapped/lnx64.o/apcc'
INFO: [HLS 200-10] For user 'hanmeng' on host 'G1045' (Linux_x86_64 version 5.4.0-65-generic) on Fri Feb 26 14:11:13 CST 2021
INFO: [HLS 200-10] On os Ubuntu 18.04.5 LTS
INFO: [HLS 200-10] In directory '/home/hanmeng/Documents/tinyFPS/hls/FPS/basic/sim/wrapc'
clang: warning: argument unused during compilation: '-fno-builtin-isinf'
clang: warning: argument unused during compilation: '-fno-builtin-isnan'
INFO: [APCC 202-3] Tmp directory is /tmp/apcc_db_hanmeng/285011614319873163117
INFO: [APCC 202-1] APCC is done.
   Compiling (apcc) point_aux.c_pre.c.tb.c
INFO: [HLS 200-10] Running '/opt/Xilinx/Vivado/2020.1/bin/unwrapped/lnx64.o/apcc'
INFO: [HLS 200-10] For user 'hanmeng' on host 'G1045' (Linux_x86_64 version 5.4.0-65-generic) on Fri Feb 26 14:11:19 CST 2021
INFO: [HLS 200-10] On os Ubuntu 18.04.5 LTS
INFO: [HLS 200-10] In directory '/home/hanmeng/Documents/tinyFPS/hls/FPS/basic/sim/wrapc'
clang: warning: argument unused during compilation: '-fno-builtin-isinf'
clang: warning: argument unused during compilation: '-fno-builtin-isnan'
INFO: [APCC 202-3] Tmp directory is /tmp/apcc_db_hanmeng/286321614319880036328
INFO: [APCC 202-1] APCC is done.
   Generating cosim.tv.exe
