INFO: [SIM 2] *************** CSIM start ***************
INFO: [SIM 4] CSIM will launch GCC as the compiler.
   Compiling(apcc) ../../../../fps_test.c in debug mode
INFO: [HLS 200-10] Running '/opt/Xilinx/Vivado/2020.1/bin/unwrapped/lnx64.o/apcc'
INFO: [HLS 200-10] For user 'hanmeng' on host 'G1045' (Linux_x86_64 version 5.4.0-65-generic) on Fri Feb 26 14:16:15 CST 2021
INFO: [HLS 200-10] On os Ubuntu 18.04.5 LTS
INFO: [HLS 200-10] In directory '/home/hanmeng/Documents/tinyFPS/hls/FPS/basic/csim/build'
INFO: [APCC 202-3] Tmp directory is /tmp/apcc_db_hanmeng/318181614320175165328
INFO: [APCC 202-1] APCC is done.
   Compiling(apcc) ../../../../point_aux.c in debug mode
INFO: [HLS 200-10] Running '/opt/Xilinx/Vivado/2020.1/bin/unwrapped/lnx64.o/apcc'
INFO: [HLS 200-10] For user 'hanmeng' on host 'G1045' (Linux_x86_64 version 5.4.0-65-generic) on Fri Feb 26 14:16:23 CST 2021
INFO: [HLS 200-10] On os Ubuntu 18.04.5 LTS
INFO: [HLS 200-10] In directory '/home/hanmeng/Documents/tinyFPS/hls/FPS/basic/csim/build'
INFO: [APCC 202-3] Tmp directory is /tmp/apcc_db_hanmeng/319581614320183805196
INFO: [APCC 202-1] APCC is done.
   Compiling(apcc) ../../../../fps.c in debug mode
INFO: [HLS 200-10] Running '/opt/Xilinx/Vivado/2020.1/bin/unwrapped/lnx64.o/apcc'
INFO: [HLS 200-10] For user 'hanmeng' on host 'G1045' (Linux_x86_64 version 5.4.0-65-generic) on Fri Feb 26 14:16:32 CST 2021
INFO: [HLS 200-10] On os Ubuntu 18.04.5 LTS
INFO: [HLS 200-10] In directory '/home/hanmeng/Documents/tinyFPS/hls/FPS/basic/csim/build'
INFO: [APCC 202-3] Tmp directory is /tmp/apcc_db_hanmeng/321001614320192489817
INFO: [APCC 202-1] APCC is done.
   Generating csim.exe
INFO: [SIM 1] CSim file generation done with 0 errors.
INFO: [SIM 3] *************** CSIM finish ***************
