#-----------------------------------------------------------
# xsim v2020.1 (64-bit)
# SW Build 2902540 on Wed May 27 19:54:35 MDT 2020
# IP Build 2902112 on Wed May 27 22:43:36 MDT 2020
# Start of session at: Fri Feb 26 14:21:38 2021
# Process ID: 3500
# Current directory: /home/hanmeng/Documents/tinyFPS/hls/FPS/opt/sim/verilog
# Command line: xsim -mode tcl -source {xsim.dir/farthest_point_sampling/xsim_script.tcl}
# Log file: /home/hanmeng/Documents/tinyFPS/hls/FPS/opt/sim/verilog/xsim.log
# Journal file: /home/hanmeng/Documents/tinyFPS/hls/FPS/opt/sim/verilog/xsim.jou
#-----------------------------------------------------------
source xsim.dir/farthest_point_sampling/xsim_script.tcl
# xsim {farthest_point_sampling} -autoloadwcfg -tclbatch {farthest_point_sampling.tcl}
Vivado Simulator 2020.1
Time resolution is 1 ps
source farthest_point_sampling.tcl
## run all
////////////////////////////////////////////////////////////////////////////////////
// Inter-Transaction Progress: Completed Transaction / Total Transaction
// Intra-Transaction Progress: Measured Latency / Latency Estimation * 100%
//
// RTL Simulation : "Inter-Transaction Progress" ["Intra-Transaction Progress"] @ "Simulation Time"
////////////////////////////////////////////////////////////////////////////////////
// RTL Simulation : 0 / 1 [0.00%] @ "1125000"
Warning: OPMODE Input Warning : The OPMODE 001XXXX with CARRYINSEL  000 to DSP48E1 instance is invalid.
Time: 3225 ns  Iteration: 14  Process: /apatb_farthest_point_sampling_top/AESL_inst_farthest_point_sampling/dadd_64ns_64ns_64_3_full_dsp_1_U44/farthest_point_sampling_ap_dadd_1_full_dsp_64_u/U0/i_synth/addsub_op/ADDSUB/logic_speed/OP/ALIGN_BLK/FRAC_ADDSUB/dsp_add/FRAC_ADDSUB/i_no_versal_es1_workaround/dsp48e1_add/DSP48E1_ADD/i_no_versal_es1_workaround/DSP/prcs_opmode_drc  File: /opt/Xilinx//Vivado/2020.1/data/vhdl/src/unisims/primitive/DSP48E1.vhd
Warning: OPMODE Input Warning : The OPMODE 001XXXX with CARRYINSEL  000 to DSP48E1 instance is invalid.
Time: 4245 ns  Iteration: 14  Process: /apatb_farthest_point_sampling_top/AESL_inst_farthest_point_sampling/dadd_64ns_64ns_64_3_full_dsp_1_U44/farthest_point_sampling_ap_dadd_1_full_dsp_64_u/U0/i_synth/addsub_op/ADDSUB/logic_speed/OP/ALIGN_BLK/FRAC_ADDSUB/dsp_add/FRAC_ADDSUB/i_no_versal_es1_workaround/dsp48e1_add/DSP48E1_ADD/i_no_versal_es1_workaround/DSP/prcs_opmode_drc  File: /opt/Xilinx//Vivado/2020.1/data/vhdl/src/unisims/primitive/DSP48E1.vhd
Warning: OPMODE Input Warning : The OPMODE 001XXXX with CARRYINSEL  000 to DSP48E1 instance is invalid.
Time: 48655 ns  Iteration: 14  Process: /apatb_farthest_point_sampling_top/AESL_inst_farthest_point_sampling/dadd_64ns_64ns_64_3_full_dsp_1_U44/farthest_point_sampling_ap_dadd_1_full_dsp_64_u/U0/i_synth/addsub_op/ADDSUB/logic_speed/OP/ALIGN_BLK/FRAC_ADDSUB/dsp_add/FRAC_ADDSUB/i_no_versal_es1_workaround/dsp48e1_add/DSP48E1_ADD/i_no_versal_es1_workaround/DSP/prcs_opmode_drc  File: /opt/Xilinx//Vivado/2020.1/data/vhdl/src/unisims/primitive/DSP48E1.vhd
Warning: OPMODE Input Warning : The OPMODE 001XXXX with CARRYINSEL  000 to DSP48E1 instance is invalid.
Time: 48675 ns  Iteration: 14  Process: /apatb_farthest_point_sampling_top/AESL_inst_farthest_point_sampling/dadd_64ns_64ns_64_3_full_dsp_1_U44/farthest_point_sampling_ap_dadd_1_full_dsp_64_u/U0/i_synth/addsub_op/ADDSUB/logic_speed/OP/ALIGN_BLK/FRAC_ADDSUB/dsp_add/FRAC_ADDSUB/i_no_versal_es1_workaround/dsp48e1_add/DSP48E1_ADD/i_no_versal_es1_workaround/DSP/prcs_opmode_drc  File: /opt/Xilinx//Vivado/2020.1/data/vhdl/src/unisims/primitive/DSP48E1.vhd
Warning: OPMODE Input Warning : The OPMODE 001XXXX with CARRYINSEL  000 to DSP48E1 instance is invalid.
Time: 50495 ns  Iteration: 14  Process: /apatb_farthest_point_sampling_top/AESL_inst_farthest_point_sampling/dadd_64ns_64ns_64_3_full_dsp_1_U44/farthest_point_sampling_ap_dadd_1_full_dsp_64_u/U0/i_synth/addsub_op/ADDSUB/logic_speed/OP/ALIGN_BLK/FRAC_ADDSUB/dsp_add/FRAC_ADDSUB/i_no_versal_es1_workaround/dsp48e1_add/DSP48E1_ADD/i_no_versal_es1_workaround/DSP/prcs_opmode_drc  File: /opt/Xilinx//Vivado/2020.1/data/vhdl/src/unisims/primitive/DSP48E1.vhd
Warning: OPMODE Input Warning : The OPMODE 001XXXX with CARRYINSEL  000 to DSP48E1 instance is invalid.
Time: 94925 ns  Iteration: 14  Process: /apatb_farthest_point_sampling_top/AESL_inst_farthest_point_sampling/dadd_64ns_64ns_64_3_full_dsp_1_U44/farthest_point_sampling_ap_dadd_1_full_dsp_64_u/U0/i_synth/addsub_op/ADDSUB/logic_speed/OP/ALIGN_BLK/FRAC_ADDSUB/dsp_add/FRAC_ADDSUB/i_no_versal_es1_workaround/dsp48e1_add/DSP48E1_ADD/i_no_versal_es1_workaround/DSP/prcs_opmode_drc  File: /opt/Xilinx//Vivado/2020.1/data/vhdl/src/unisims/primitive/DSP48E1.vhd
Warning: OPMODE Input Warning : The OPMODE 001XXXX with CARRYINSEL  000 to DSP48E1 instance is invalid.
Time: 94945 ns  Iteration: 14  Process: /apatb_farthest_point_sampling_top/AESL_inst_farthest_point_sampling/dadd_64ns_64ns_64_3_full_dsp_1_U44/farthest_point_sampling_ap_dadd_1_full_dsp_64_u/U0/i_synth/addsub_op/ADDSUB/logic_speed/OP/ALIGN_BLK/FRAC_ADDSUB/dsp_add/FRAC_ADDSUB/i_no_versal_es1_workaround/dsp48e1_add/DSP48E1_ADD/i_no_versal_es1_workaround/DSP/prcs_opmode_drc  File: /opt/Xilinx//Vivado/2020.1/data/vhdl/src/unisims/primitive/DSP48E1.vhd
Warning: OPMODE Input Warning : The OPMODE 001XXXX with CARRYINSEL  000 to DSP48E1 instance is invalid.
Time: 96765 ns  Iteration: 14  Process: /apatb_farthest_point_sampling_top/AESL_inst_farthest_point_sampling/dadd_64ns_64ns_64_3_full_dsp_1_U44/farthest_point_sampling_ap_dadd_1_full_dsp_64_u/U0/i_synth/addsub_op/ADDSUB/logic_speed/OP/ALIGN_BLK/FRAC_ADDSUB/dsp_add/FRAC_ADDSUB/i_no_versal_es1_workaround/dsp48e1_add/DSP48E1_ADD/i_no_versal_es1_workaround/DSP/prcs_opmode_drc  File: /opt/Xilinx//Vivado/2020.1/data/vhdl/src/unisims/primitive/DSP48E1.vhd
Warning: OPMODE Input Warning : The OPMODE 001XXXX with CARRYINSEL  000 to DSP48E1 instance is invalid.
Time: 141195 ns  Iteration: 14  Process: /apatb_farthest_point_sampling_top/AESL_inst_farthest_point_sampling/dadd_64ns_64ns_64_3_full_dsp_1_U44/farthest_point_sampling_ap_dadd_1_full_dsp_64_u/U0/i_synth/addsub_op/ADDSUB/logic_speed/OP/ALIGN_BLK/FRAC_ADDSUB/dsp_add/FRAC_ADDSUB/i_no_versal_es1_workaround/dsp48e1_add/DSP48E1_ADD/i_no_versal_es1_workaround/DSP/prcs_opmode_drc  File: /opt/Xilinx//Vivado/2020.1/data/vhdl/src/unisims/primitive/DSP48E1.vhd
Warning: OPMODE Input Warning : The OPMODE 001XXXX with CARRYINSEL  000 to DSP48E1 instance is invalid.
Time: 141215 ns  Iteration: 14  Process: /apatb_farthest_point_sampling_top/AESL_inst_farthest_point_sampling/dadd_64ns_64ns_64_3_full_dsp_1_U44/farthest_point_sampling_ap_dadd_1_full_dsp_64_u/U0/i_synth/addsub_op/ADDSUB/logic_speed/OP/ALIGN_BLK/FRAC_ADDSUB/dsp_add/FRAC_ADDSUB/i_no_versal_es1_workaround/dsp48e1_add/DSP48E1_ADD/i_no_versal_es1_workaround/DSP/prcs_opmode_drc  File: /opt/Xilinx//Vivado/2020.1/data/vhdl/src/unisims/primitive/DSP48E1.vhd
Warning: OPMODE Input Warning : The OPMODE 001XXXX with CARRYINSEL  000 to DSP48E1 instance is invalid.
Time: 143025 ns  Iteration: 14  Process: /apatb_farthest_point_sampling_top/AESL_inst_farthest_point_sampling/dadd_64ns_64ns_64_3_full_dsp_1_U44/farthest_point_sampling_ap_dadd_1_full_dsp_64_u/U0/i_synth/addsub_op/ADDSUB/logic_speed/OP/ALIGN_BLK/FRAC_ADDSUB/dsp_add/FRAC_ADDSUB/i_no_versal_es1_workaround/dsp48e1_add/DSP48E1_ADD/i_no_versal_es1_workaround/DSP/prcs_opmode_drc  File: /opt/Xilinx//Vivado/2020.1/data/vhdl/src/unisims/primitive/DSP48E1.vhd
Warning: OPMODE Input Warning : The OPMODE 001XXXX with CARRYINSEL  000 to DSP48E1 instance is invalid.
Time: 187455 ns  Iteration: 14  Process: /apatb_farthest_point_sampling_top/AESL_inst_farthest_point_sampling/dadd_64ns_64ns_64_3_full_dsp_1_U44/farthest_point_sampling_ap_dadd_1_full_dsp_64_u/U0/i_synth/addsub_op/ADDSUB/logic_speed/OP/ALIGN_BLK/FRAC_ADDSUB/dsp_add/FRAC_ADDSUB/i_no_versal_es1_workaround/dsp48e1_add/DSP48E1_ADD/i_no_versal_es1_workaround/DSP/prcs_opmode_drc  File: /opt/Xilinx//Vivado/2020.1/data/vhdl/src/unisims/primitive/DSP48E1.vhd
Warning: OPMODE Input Warning : The OPMODE 001XXXX with CARRYINSEL  000 to DSP48E1 instance is invalid.
Time: 187475 ns  Iteration: 14  Process: /apatb_farthest_point_sampling_top/AESL_inst_farthest_point_sampling/dadd_64ns_64ns_64_3_full_dsp_1_U44/farthest_point_sampling_ap_dadd_1_full_dsp_64_u/U0/i_synth/addsub_op/ADDSUB/logic_speed/OP/ALIGN_BLK/FRAC_ADDSUB/dsp_add/FRAC_ADDSUB/i_no_versal_es1_workaround/dsp48e1_add/DSP48E1_ADD/i_no_versal_es1_workaround/DSP/prcs_opmode_drc  File: /opt/Xilinx//Vivado/2020.1/data/vhdl/src/unisims/primitive/DSP48E1.vhd
Warning: OPMODE Input Warning : The OPMODE 001XXXX with CARRYINSEL  000 to DSP48E1 instance is invalid.
Time: 189285 ns  Iteration: 14  Process: /apatb_farthest_point_sampling_top/AESL_inst_farthest_point_sampling/dadd_64ns_64ns_64_3_full_dsp_1_U44/farthest_point_sampling_ap_dadd_1_full_dsp_64_u/U0/i_synth/addsub_op/ADDSUB/logic_speed/OP/ALIGN_BLK/FRAC_ADDSUB/dsp_add/FRAC_ADDSUB/i_no_versal_es1_workaround/dsp48e1_add/DSP48E1_ADD/i_no_versal_es1_workaround/DSP/prcs_opmode_drc  File: /opt/Xilinx//Vivado/2020.1/data/vhdl/src/unisims/primitive/DSP48E1.vhd
Warning: OPMODE Input Warning : The OPMODE 001XXXX with CARRYINSEL  000 to DSP48E1 instance is invalid.
Time: 233715 ns  Iteration: 14  Process: /apatb_farthest_point_sampling_top/AESL_inst_farthest_point_sampling/dadd_64ns_64ns_64_3_full_dsp_1_U44/farthest_point_sampling_ap_dadd_1_full_dsp_64_u/U0/i_synth/addsub_op/ADDSUB/logic_speed/OP/ALIGN_BLK/FRAC_ADDSUB/dsp_add/FRAC_ADDSUB/i_no_versal_es1_workaround/dsp48e1_add/DSP48E1_ADD/i_no_versal_es1_workaround/DSP/prcs_opmode_drc  File: /opt/Xilinx//Vivado/2020.1/data/vhdl/src/unisims/primitive/DSP48E1.vhd
Warning: OPMODE Input Warning : The OPMODE 001XXXX with CARRYINSEL  000 to DSP48E1 instance is invalid.
Time: 233735 ns  Iteration: 14  Process: /apatb_farthest_point_sampling_top/AESL_inst_farthest_point_sampling/dadd_64ns_64ns_64_3_full_dsp_1_U44/farthest_point_sampling_ap_dadd_1_full_dsp_64_u/U0/i_synth/addsub_op/ADDSUB/logic_speed/OP/ALIGN_BLK/FRAC_ADDSUB/dsp_add/FRAC_ADDSUB/i_no_versal_es1_workaround/dsp48e1_add/DSP48E1_ADD/i_no_versal_es1_workaround/DSP/prcs_opmode_drc  File: /opt/Xilinx//Vivado/2020.1/data/vhdl/src/unisims/primitive/DSP48E1.vhd
Warning: OPMODE Input Warning : The OPMODE 001XXXX with CARRYINSEL  000 to DSP48E1 instance is invalid.
Time: 235555 ns  Iteration: 14  Process: /apatb_farthest_point_sampling_top/AESL_inst_farthest_point_sampling/dadd_64ns_64ns_64_3_full_dsp_1_U44/farthest_point_sampling_ap_dadd_1_full_dsp_64_u/U0/i_synth/addsub_op/ADDSUB/logic_speed/OP/ALIGN_BLK/FRAC_ADDSUB/dsp_add/FRAC_ADDSUB/i_no_versal_es1_workaround/dsp48e1_add/DSP48E1_ADD/i_no_versal_es1_workaround/DSP/prcs_opmode_drc  File: /opt/Xilinx//Vivado/2020.1/data/vhdl/src/unisims/primitive/DSP48E1.vhd
Warning: OPMODE Input Warning : The OPMODE 001XXXX with CARRYINSEL  000 to DSP48E1 instance is invalid.
Time: 279985 ns  Iteration: 14  Process: /apatb_farthest_point_sampling_top/AESL_inst_farthest_point_sampling/dadd_64ns_64ns_64_3_full_dsp_1_U44/farthest_point_sampling_ap_dadd_1_full_dsp_64_u/U0/i_synth/addsub_op/ADDSUB/logic_speed/OP/ALIGN_BLK/FRAC_ADDSUB/dsp_add/FRAC_ADDSUB/i_no_versal_es1_workaround/dsp48e1_add/DSP48E1_ADD/i_no_versal_es1_workaround/DSP/prcs_opmode_drc  File: /opt/Xilinx//Vivado/2020.1/data/vhdl/src/unisims/primitive/DSP48E1.vhd
Warning: OPMODE Input Warning : The OPMODE 001XXXX with CARRYINSEL  000 to DSP48E1 instance is invalid.
Time: 280005 ns  Iteration: 14  Process: /apatb_farthest_point_sampling_top/AESL_inst_farthest_point_sampling/dadd_64ns_64ns_64_3_full_dsp_1_U44/farthest_point_sampling_ap_dadd_1_full_dsp_64_u/U0/i_synth/addsub_op/ADDSUB/logic_speed/OP/ALIGN_BLK/FRAC_ADDSUB/dsp_add/FRAC_ADDSUB/i_no_versal_es1_workaround/dsp48e1_add/DSP48E1_ADD/i_no_versal_es1_workaround/DSP/prcs_opmode_drc  File: /opt/Xilinx//Vivado/2020.1/data/vhdl/src/unisims/primitive/DSP48E1.vhd
Warning: OPMODE Input Warning : The OPMODE 001XXXX with CARRYINSEL  000 to DSP48E1 instance is invalid.
Time: 281825 ns  Iteration: 14  Process: /apatb_farthest_point_sampling_top/AESL_inst_farthest_point_sampling/dadd_64ns_64ns_64_3_full_dsp_1_U44/farthest_point_sampling_ap_dadd_1_full_dsp_64_u/U0/i_synth/addsub_op/ADDSUB/logic_speed/OP/ALIGN_BLK/FRAC_ADDSUB/dsp_add/FRAC_ADDSUB/i_no_versal_es1_workaround/dsp48e1_add/DSP48E1_ADD/i_no_versal_es1_workaround/DSP/prcs_opmode_drc  File: /opt/Xilinx//Vivado/2020.1/data/vhdl/src/unisims/primitive/DSP48E1.vhd
Warning: OPMODE Input Warning : The OPMODE 001XXXX with CARRYINSEL  000 to DSP48E1 instance is invalid.
Time: 326255 ns  Iteration: 14  Process: /apatb_farthest_point_sampling_top/AESL_inst_farthest_point_sampling/dadd_64ns_64ns_64_3_full_dsp_1_U44/farthest_point_sampling_ap_dadd_1_full_dsp_64_u/U0/i_synth/addsub_op/ADDSUB/logic_speed/OP/ALIGN_BLK/FRAC_ADDSUB/dsp_add/FRAC_ADDSUB/i_no_versal_es1_workaround/dsp48e1_add/DSP48E1_ADD/i_no_versal_es1_workaround/DSP/prcs_opmode_drc  File: /opt/Xilinx//Vivado/2020.1/data/vhdl/src/unisims/primitive/DSP48E1.vhd
Warning: OPMODE Input Warning : The OPMODE 001XXXX with CARRYINSEL  000 to DSP48E1 instance is invalid.
Time: 326275 ns  Iteration: 14  Process: /apatb_farthest_point_sampling_top/AESL_inst_farthest_point_sampling/dadd_64ns_64ns_64_3_full_dsp_1_U44/farthest_point_sampling_ap_dadd_1_full_dsp_64_u/U0/i_synth/addsub_op/ADDSUB/logic_speed/OP/ALIGN_BLK/FRAC_ADDSUB/dsp_add/FRAC_ADDSUB/i_no_versal_es1_workaround/dsp48e1_add/DSP48E1_ADD/i_no_versal_es1_workaround/DSP/prcs_opmode_drc  File: /opt/Xilinx//Vivado/2020.1/data/vhdl/src/unisims/primitive/DSP48E1.vhd
Warning: OPMODE Input Warning : The OPMODE 001XXXX with CARRYINSEL  000 to DSP48E1 instance is invalid.
Time: 328085 ns  Iteration: 14  Process: /apatb_farthest_point_sampling_top/AESL_inst_farthest_point_sampling/dadd_64ns_64ns_64_3_full_dsp_1_U44/farthest_point_sampling_ap_dadd_1_full_dsp_64_u/U0/i_synth/addsub_op/ADDSUB/logic_speed/OP/ALIGN_BLK/FRAC_ADDSUB/dsp_add/FRAC_ADDSUB/i_no_versal_es1_workaround/dsp48e1_add/DSP48E1_ADD/i_no_versal_es1_workaround/DSP/prcs_opmode_drc  File: /opt/Xilinx//Vivado/2020.1/data/vhdl/src/unisims/primitive/DSP48E1.vhd
Warning: OPMODE Input Warning : The OPMODE 001XXXX with CARRYINSEL  000 to DSP48E1 instance is invalid.
Time: 372515 ns  Iteration: 14  Process: /apatb_farthest_point_sampling_top/AESL_inst_farthest_point_sampling/dadd_64ns_64ns_64_3_full_dsp_1_U44/farthest_point_sampling_ap_dadd_1_full_dsp_64_u/U0/i_synth/addsub_op/ADDSUB/logic_speed/OP/ALIGN_BLK/FRAC_ADDSUB/dsp_add/FRAC_ADDSUB/i_no_versal_es1_workaround/dsp48e1_add/DSP48E1_ADD/i_no_versal_es1_workaround/DSP/prcs_opmode_drc  File: /opt/Xilinx//Vivado/2020.1/data/vhdl/src/unisims/primitive/DSP48E1.vhd
Warning: OPMODE Input Warning : The OPMODE 001XXXX with CARRYINSEL  000 to DSP48E1 instance is invalid.
Time: 372535 ns  Iteration: 14  Process: /apatb_farthest_point_sampling_top/AESL_inst_farthest_point_sampling/dadd_64ns_64ns_64_3_full_dsp_1_U44/farthest_point_sampling_ap_dadd_1_full_dsp_64_u/U0/i_synth/addsub_op/ADDSUB/logic_speed/OP/ALIGN_BLK/FRAC_ADDSUB/dsp_add/FRAC_ADDSUB/i_no_versal_es1_workaround/dsp48e1_add/DSP48E1_ADD/i_no_versal_es1_workaround/DSP/prcs_opmode_drc  File: /opt/Xilinx//Vivado/2020.1/data/vhdl/src/unisims/primitive/DSP48E1.vhd
Warning: OPMODE Input Warning : The OPMODE 001XXXX with CARRYINSEL  000 to DSP48E1 instance is invalid.
Time: 374345 ns  Iteration: 14  Process: /apatb_farthest_point_sampling_top/AESL_inst_farthest_point_sampling/dadd_64ns_64ns_64_3_full_dsp_1_U44/farthest_point_sampling_ap_dadd_1_full_dsp_64_u/U0/i_synth/addsub_op/ADDSUB/logic_speed/OP/ALIGN_BLK/FRAC_ADDSUB/dsp_add/FRAC_ADDSUB/i_no_versal_es1_workaround/dsp48e1_add/DSP48E1_ADD/i_no_versal_es1_workaround/DSP/prcs_opmode_drc  File: /opt/Xilinx//Vivado/2020.1/data/vhdl/src/unisims/primitive/DSP48E1.vhd
Warning: OPMODE Input Warning : The OPMODE 001XXXX with CARRYINSEL  000 to DSP48E1 instance is invalid.
Time: 418775 ns  Iteration: 14  Process: /apatb_farthest_point_sampling_top/AESL_inst_farthest_point_sampling/dadd_64ns_64ns_64_3_full_dsp_1_U44/farthest_point_sampling_ap_dadd_1_full_dsp_64_u/U0/i_synth/addsub_op/ADDSUB/logic_speed/OP/ALIGN_BLK/FRAC_ADDSUB/dsp_add/FRAC_ADDSUB/i_no_versal_es1_workaround/dsp48e1_add/DSP48E1_ADD/i_no_versal_es1_workaround/DSP/prcs_opmode_drc  File: /opt/Xilinx//Vivado/2020.1/data/vhdl/src/unisims/primitive/DSP48E1.vhd
Warning: OPMODE Input Warning : The OPMODE 001XXXX with CARRYINSEL  000 to DSP48E1 instance is invalid.
Time: 418795 ns  Iteration: 14  Process: /apatb_farthest_point_sampling_top/AESL_inst_farthest_point_sampling/dadd_64ns_64ns_64_3_full_dsp_1_U44/farthest_point_sampling_ap_dadd_1_full_dsp_64_u/U0/i_synth/addsub_op/ADDSUB/logic_speed/OP/ALIGN_BLK/FRAC_ADDSUB/dsp_add/FRAC_ADDSUB/i_no_versal_es1_workaround/dsp48e1_add/DSP48E1_ADD/i_no_versal_es1_workaround/DSP/prcs_opmode_drc  File: /opt/Xilinx//Vivado/2020.1/data/vhdl/src/unisims/primitive/DSP48E1.vhd
Warning: OPMODE Input Warning : The OPMODE 001XXXX with CARRYINSEL  000 to DSP48E1 instance is invalid.
Time: 420615 ns  Iteration: 14  Process: /apatb_farthest_point_sampling_top/AESL_inst_farthest_point_sampling/dadd_64ns_64ns_64_3_full_dsp_1_U44/farthest_point_sampling_ap_dadd_1_full_dsp_64_u/U0/i_synth/addsub_op/ADDSUB/logic_speed/OP/ALIGN_BLK/FRAC_ADDSUB/dsp_add/FRAC_ADDSUB/i_no_versal_es1_workaround/dsp48e1_add/DSP48E1_ADD/i_no_versal_es1_workaround/DSP/prcs_opmode_drc  File: /opt/Xilinx//Vivado/2020.1/data/vhdl/src/unisims/primitive/DSP48E1.vhd
Warning: OPMODE Input Warning : The OPMODE 001XXXX with CARRYINSEL  000 to DSP48E1 instance is invalid.
Time: 465045 ns  Iteration: 14  Process: /apatb_farthest_point_sampling_top/AESL_inst_farthest_point_sampling/dadd_64ns_64ns_64_3_full_dsp_1_U44/farthest_point_sampling_ap_dadd_1_full_dsp_64_u/U0/i_synth/addsub_op/ADDSUB/logic_speed/OP/ALIGN_BLK/FRAC_ADDSUB/dsp_add/FRAC_ADDSUB/i_no_versal_es1_workaround/dsp48e1_add/DSP48E1_ADD/i_no_versal_es1_workaround/DSP/prcs_opmode_drc  File: /opt/Xilinx//Vivado/2020.1/data/vhdl/src/unisims/primitive/DSP48E1.vhd
Warning: OPMODE Input Warning : The OPMODE 001XXXX with CARRYINSEL  000 to DSP48E1 instance is invalid.
Time: 465065 ns  Iteration: 14  Process: /apatb_farthest_point_sampling_top/AESL_inst_farthest_point_sampling/dadd_64ns_64ns_64_3_full_dsp_1_U44/farthest_point_sampling_ap_dadd_1_full_dsp_64_u/U0/i_synth/addsub_op/ADDSUB/logic_speed/OP/ALIGN_BLK/FRAC_ADDSUB/dsp_add/FRAC_ADDSUB/i_no_versal_es1_workaround/dsp48e1_add/DSP48E1_ADD/i_no_versal_es1_workaround/DSP/prcs_opmode_drc  File: /opt/Xilinx//Vivado/2020.1/data/vhdl/src/unisims/primitive/DSP48E1.vhd
Warning: OPMODE Input Warning : The OPMODE 001XXXX with CARRYINSEL  000 to DSP48E1 instance is invalid.
Time: 466885 ns  Iteration: 14  Process: /apatb_farthest_point_sampling_top/AESL_inst_farthest_point_sampling/dadd_64ns_64ns_64_3_full_dsp_1_U44/farthest_point_sampling_ap_dadd_1_full_dsp_64_u/U0/i_synth/addsub_op/ADDSUB/logic_speed/OP/ALIGN_BLK/FRAC_ADDSUB/dsp_add/FRAC_ADDSUB/i_no_versal_es1_workaround/dsp48e1_add/DSP48E1_ADD/i_no_versal_es1_workaround/DSP/prcs_opmode_drc  File: /opt/Xilinx//Vivado/2020.1/data/vhdl/src/unisims/primitive/DSP48E1.vhd
Warning: OPMODE Input Warning : The OPMODE 001XXXX with CARRYINSEL  000 to DSP48E1 instance is invalid.
Time: 511315 ns  Iteration: 14  Process: /apatb_farthest_point_sampling_top/AESL_inst_farthest_point_sampling/dadd_64ns_64ns_64_3_full_dsp_1_U44/farthest_point_sampling_ap_dadd_1_full_dsp_64_u/U0/i_synth/addsub_op/ADDSUB/logic_speed/OP/ALIGN_BLK/FRAC_ADDSUB/dsp_add/FRAC_ADDSUB/i_no_versal_es1_workaround/dsp48e1_add/DSP48E1_ADD/i_no_versal_es1_workaround/DSP/prcs_opmode_drc  File: /opt/Xilinx//Vivado/2020.1/data/vhdl/src/unisims/primitive/DSP48E1.vhd
Warning: OPMODE Input Warning : The OPMODE 001XXXX with CARRYINSEL  000 to DSP48E1 instance is invalid.
Time: 511335 ns  Iteration: 14  Process: /apatb_farthest_point_sampling_top/AESL_inst_farthest_point_sampling/dadd_64ns_64ns_64_3_full_dsp_1_U44/farthest_point_sampling_ap_dadd_1_full_dsp_64_u/U0/i_synth/addsub_op/ADDSUB/logic_speed/OP/ALIGN_BLK/FRAC_ADDSUB/dsp_add/FRAC_ADDSUB/i_no_versal_es1_workaround/dsp48e1_add/DSP48E1_ADD/i_no_versal_es1_workaround/DSP/prcs_opmode_drc  File: /opt/Xilinx//Vivado/2020.1/data/vhdl/src/unisims/primitive/DSP48E1.vhd
Warning: OPMODE Input Warning : The OPMODE 001XXXX with CARRYINSEL  000 to DSP48E1 instance is invalid.
Time: 513085 ns  Iteration: 14  Process: /apatb_farthest_point_sampling_top/AESL_inst_farthest_point_sampling/dadd_64ns_64ns_64_3_full_dsp_1_U44/farthest_point_sampling_ap_dadd_1_full_dsp_64_u/U0/i_synth/addsub_op/ADDSUB/logic_speed/OP/ALIGN_BLK/FRAC_ADDSUB/dsp_add/FRAC_ADDSUB/i_no_versal_es1_workaround/dsp48e1_add/DSP48E1_ADD/i_no_versal_es1_workaround/DSP/prcs_opmode_drc  File: /opt/Xilinx//Vivado/2020.1/data/vhdl/src/unisims/primitive/DSP48E1.vhd
Warning: OPMODE Input Warning : The OPMODE 001XXXX with CARRYINSEL  000 to DSP48E1 instance is invalid.
Time: 557575 ns  Iteration: 14  Process: /apatb_farthest_point_sampling_top/AESL_inst_farthest_point_sampling/dadd_64ns_64ns_64_3_full_dsp_1_U44/farthest_point_sampling_ap_dadd_1_full_dsp_64_u/U0/i_synth/addsub_op/ADDSUB/logic_speed/OP/ALIGN_BLK/FRAC_ADDSUB/dsp_add/FRAC_ADDSUB/i_no_versal_es1_workaround/dsp48e1_add/DSP48E1_ADD/i_no_versal_es1_workaround/DSP/prcs_opmode_drc  File: /opt/Xilinx//Vivado/2020.1/data/vhdl/src/unisims/primitive/DSP48E1.vhd
Warning: OPMODE Input Warning : The OPMODE 001XXXX with CARRYINSEL  000 to DSP48E1 instance is invalid.
Time: 557595 ns  Iteration: 14  Process: /apatb_farthest_point_sampling_top/AESL_inst_farthest_point_sampling/dadd_64ns_64ns_64_3_full_dsp_1_U44/farthest_point_sampling_ap_dadd_1_full_dsp_64_u/U0/i_synth/addsub_op/ADDSUB/logic_speed/OP/ALIGN_BLK/FRAC_ADDSUB/dsp_add/FRAC_ADDSUB/i_no_versal_es1_workaround/dsp48e1_add/DSP48E1_ADD/i_no_versal_es1_workaround/DSP/prcs_opmode_drc  File: /opt/Xilinx//Vivado/2020.1/data/vhdl/src/unisims/primitive/DSP48E1.vhd
Warning: OPMODE Input Warning : The OPMODE 001XXXX with CARRYINSEL  000 to DSP48E1 instance is invalid.
Time: 559345 ns  Iteration: 14  Process: /apatb_farthest_point_sampling_top/AESL_inst_farthest_point_sampling/dadd_64ns_64ns_64_3_full_dsp_1_U44/farthest_point_sampling_ap_dadd_1_full_dsp_64_u/U0/i_synth/addsub_op/ADDSUB/logic_speed/OP/ALIGN_BLK/FRAC_ADDSUB/dsp_add/FRAC_ADDSUB/i_no_versal_es1_workaround/dsp48e1_add/DSP48E1_ADD/i_no_versal_es1_workaround/DSP/prcs_opmode_drc  File: /opt/Xilinx//Vivado/2020.1/data/vhdl/src/unisims/primitive/DSP48E1.vhd
Warning: OPMODE Input Warning : The OPMODE 001XXXX with CARRYINSEL  000 to DSP48E1 instance is invalid.
Time: 603835 ns  Iteration: 14  Process: /apatb_farthest_point_sampling_top/AESL_inst_farthest_point_sampling/dadd_64ns_64ns_64_3_full_dsp_1_U44/farthest_point_sampling_ap_dadd_1_full_dsp_64_u/U0/i_synth/addsub_op/ADDSUB/logic_speed/OP/ALIGN_BLK/FRAC_ADDSUB/dsp_add/FRAC_ADDSUB/i_no_versal_es1_workaround/dsp48e1_add/DSP48E1_ADD/i_no_versal_es1_workaround/DSP/prcs_opmode_drc  File: /opt/Xilinx//Vivado/2020.1/data/vhdl/src/unisims/primitive/DSP48E1.vhd
Warning: OPMODE Input Warning : The OPMODE 001XXXX with CARRYINSEL  000 to DSP48E1 instance is invalid.
Time: 603855 ns  Iteration: 14  Process: /apatb_farthest_point_sampling_top/AESL_inst_farthest_point_sampling/dadd_64ns_64ns_64_3_full_dsp_1_U44/farthest_point_sampling_ap_dadd_1_full_dsp_64_u/U0/i_synth/addsub_op/ADDSUB/logic_speed/OP/ALIGN_BLK/FRAC_ADDSUB/dsp_add/FRAC_ADDSUB/i_no_versal_es1_workaround/dsp48e1_add/DSP48E1_ADD/i_no_versal_es1_workaround/DSP/prcs_opmode_drc  File: /opt/Xilinx//Vivado/2020.1/data/vhdl/src/unisims/primitive/DSP48E1.vhd
Warning: OPMODE Input Warning : The OPMODE 001XXXX with CARRYINSEL  000 to DSP48E1 instance is invalid.
Time: 605615 ns  Iteration: 14  Process: /apatb_farthest_point_sampling_top/AESL_inst_farthest_point_sampling/dadd_64ns_64ns_64_3_full_dsp_1_U44/farthest_point_sampling_ap_dadd_1_full_dsp_64_u/U0/i_synth/addsub_op/ADDSUB/logic_speed/OP/ALIGN_BLK/FRAC_ADDSUB/dsp_add/FRAC_ADDSUB/i_no_versal_es1_workaround/dsp48e1_add/DSP48E1_ADD/i_no_versal_es1_workaround/DSP/prcs_opmode_drc  File: /opt/Xilinx//Vivado/2020.1/data/vhdl/src/unisims/primitive/DSP48E1.vhd
Warning: OPMODE Input Warning : The OPMODE 001XXXX with CARRYINSEL  000 to DSP48E1 instance is invalid.
Time: 650105 ns  Iteration: 14  Process: /apatb_farthest_point_sampling_top/AESL_inst_farthest_point_sampling/dadd_64ns_64ns_64_3_full_dsp_1_U44/farthest_point_sampling_ap_dadd_1_full_dsp_64_u/U0/i_synth/addsub_op/ADDSUB/logic_speed/OP/ALIGN_BLK/FRAC_ADDSUB/dsp_add/FRAC_ADDSUB/i_no_versal_es1_workaround/dsp48e1_add/DSP48E1_ADD/i_no_versal_es1_workaround/DSP/prcs_opmode_drc  File: /opt/Xilinx//Vivado/2020.1/data/vhdl/src/unisims/primitive/DSP48E1.vhd
Warning: OPMODE Input Warning : The OPMODE 001XXXX with CARRYINSEL  000 to DSP48E1 instance is invalid.
Time: 650125 ns  Iteration: 14  Process: /apatb_farthest_point_sampling_top/AESL_inst_farthest_point_sampling/dadd_64ns_64ns_64_3_full_dsp_1_U44/farthest_point_sampling_ap_dadd_1_full_dsp_64_u/U0/i_synth/addsub_op/ADDSUB/logic_speed/OP/ALIGN_BLK/FRAC_ADDSUB/dsp_add/FRAC_ADDSUB/i_no_versal_es1_workaround/dsp48e1_add/DSP48E1_ADD/i_no_versal_es1_workaround/DSP/prcs_opmode_drc  File: /opt/Xilinx//Vivado/2020.1/data/vhdl/src/unisims/primitive/DSP48E1.vhd
Warning: OPMODE Input Warning : The OPMODE 001XXXX with CARRYINSEL  000 to DSP48E1 instance is invalid.
Time: 651885 ns  Iteration: 14  Process: /apatb_farthest_point_sampling_top/AESL_inst_farthest_point_sampling/dadd_64ns_64ns_64_3_full_dsp_1_U44/farthest_point_sampling_ap_dadd_1_full_dsp_64_u/U0/i_synth/addsub_op/ADDSUB/logic_speed/OP/ALIGN_BLK/FRAC_ADDSUB/dsp_add/FRAC_ADDSUB/i_no_versal_es1_workaround/dsp48e1_add/DSP48E1_ADD/i_no_versal_es1_workaround/DSP/prcs_opmode_drc  File: /opt/Xilinx//Vivado/2020.1/data/vhdl/src/unisims/primitive/DSP48E1.vhd
Warning: OPMODE Input Warning : The OPMODE 001XXXX with CARRYINSEL  000 to DSP48E1 instance is invalid.
Time: 695995 ns  Iteration: 14  Process: /apatb_farthest_point_sampling_top/AESL_inst_farthest_point_sampling/dadd_64ns_64ns_64_3_full_dsp_1_U44/farthest_point_sampling_ap_dadd_1_full_dsp_64_u/U0/i_synth/addsub_op/ADDSUB/logic_speed/OP/ALIGN_BLK/FRAC_ADDSUB/dsp_add/FRAC_ADDSUB/i_no_versal_es1_workaround/dsp48e1_add/DSP48E1_ADD/i_no_versal_es1_workaround/DSP/prcs_opmode_drc  File: /opt/Xilinx//Vivado/2020.1/data/vhdl/src/unisims/primitive/DSP48E1.vhd
Warning: OPMODE Input Warning : The OPMODE 001XXXX with CARRYINSEL  000 to DSP48E1 instance is invalid.
Time: 696015 ns  Iteration: 14  Process: /apatb_farthest_point_sampling_top/AESL_inst_farthest_point_sampling/dadd_64ns_64ns_64_3_full_dsp_1_U44/farthest_point_sampling_ap_dadd_1_full_dsp_64_u/U0/i_synth/addsub_op/ADDSUB/logic_speed/OP/ALIGN_BLK/FRAC_ADDSUB/dsp_add/FRAC_ADDSUB/i_no_versal_es1_workaround/dsp48e1_add/DSP48E1_ADD/i_no_versal_es1_workaround/DSP/prcs_opmode_drc  File: /opt/Xilinx//Vivado/2020.1/data/vhdl/src/unisims/primitive/DSP48E1.vhd
Warning: OPMODE Input Warning : The OPMODE 001XXXX with CARRYINSEL  000 to DSP48E1 instance is invalid.
Time: 697765 ns  Iteration: 14  Process: /apatb_farthest_point_sampling_top/AESL_inst_farthest_point_sampling/dadd_64ns_64ns_64_3_full_dsp_1_U44/farthest_point_sampling_ap_dadd_1_full_dsp_64_u/U0/i_synth/addsub_op/ADDSUB/logic_speed/OP/ALIGN_BLK/FRAC_ADDSUB/dsp_add/FRAC_ADDSUB/i_no_versal_es1_workaround/dsp48e1_add/DSP48E1_ADD/i_no_versal_es1_workaround/DSP/prcs_opmode_drc  File: /opt/Xilinx//Vivado/2020.1/data/vhdl/src/unisims/primitive/DSP48E1.vhd
Warning: OPMODE Input Warning : The OPMODE 001XXXX with CARRYINSEL  000 to DSP48E1 instance is invalid.
Time: 741875 ns  Iteration: 14  Process: /apatb_farthest_point_sampling_top/AESL_inst_farthest_point_sampling/dadd_64ns_64ns_64_3_full_dsp_1_U44/farthest_point_sampling_ap_dadd_1_full_dsp_64_u/U0/i_synth/addsub_op/ADDSUB/logic_speed/OP/ALIGN_BLK/FRAC_ADDSUB/dsp_add/FRAC_ADDSUB/i_no_versal_es1_workaround/dsp48e1_add/DSP48E1_ADD/i_no_versal_es1_workaround/DSP/prcs_opmode_drc  File: /opt/Xilinx//Vivado/2020.1/data/vhdl/src/unisims/primitive/DSP48E1.vhd
Warning: OPMODE Input Warning : The OPMODE 001XXXX with CARRYINSEL  000 to DSP48E1 instance is invalid.
Time: 741895 ns  Iteration: 14  Process: /apatb_farthest_point_sampling_top/AESL_inst_farthest_point_sampling/dadd_64ns_64ns_64_3_full_dsp_1_U44/farthest_point_sampling_ap_dadd_1_full_dsp_64_u/U0/i_synth/addsub_op/ADDSUB/logic_speed/OP/ALIGN_BLK/FRAC_ADDSUB/dsp_add/FRAC_ADDSUB/i_no_versal_es1_workaround/dsp48e1_add/DSP48E1_ADD/i_no_versal_es1_workaround/DSP/prcs_opmode_drc  File: /opt/Xilinx//Vivado/2020.1/data/vhdl/src/unisims/primitive/DSP48E1.vhd
Warning: OPMODE Input Warning : The OPMODE 001XXXX with CARRYINSEL  000 to DSP48E1 instance is invalid.
Time: 743645 ns  Iteration: 14  Process: /apatb_farthest_point_sampling_top/AESL_inst_farthest_point_sampling/dadd_64ns_64ns_64_3_full_dsp_1_U44/farthest_point_sampling_ap_dadd_1_full_dsp_64_u/U0/i_synth/addsub_op/ADDSUB/logic_speed/OP/ALIGN_BLK/FRAC_ADDSUB/dsp_add/FRAC_ADDSUB/i_no_versal_es1_workaround/dsp48e1_add/DSP48E1_ADD/i_no_versal_es1_workaround/DSP/prcs_opmode_drc  File: /opt/Xilinx//Vivado/2020.1/data/vhdl/src/unisims/primitive/DSP48E1.vhd
Warning: OPMODE Input Warning : The OPMODE 001XXXX with CARRYINSEL  000 to DSP48E1 instance is invalid.
Time: 787755 ns  Iteration: 14  Process: /apatb_farthest_point_sampling_top/AESL_inst_farthest_point_sampling/dadd_64ns_64ns_64_3_full_dsp_1_U44/farthest_point_sampling_ap_dadd_1_full_dsp_64_u/U0/i_synth/addsub_op/ADDSUB/logic_speed/OP/ALIGN_BLK/FRAC_ADDSUB/dsp_add/FRAC_ADDSUB/i_no_versal_es1_workaround/dsp48e1_add/DSP48E1_ADD/i_no_versal_es1_workaround/DSP/prcs_opmode_drc  File: /opt/Xilinx//Vivado/2020.1/data/vhdl/src/unisims/primitive/DSP48E1.vhd
Warning: OPMODE Input Warning : The OPMODE 001XXXX with CARRYINSEL  000 to DSP48E1 instance is invalid.
Time: 787775 ns  Iteration: 14  Process: /apatb_farthest_point_sampling_top/AESL_inst_farthest_point_sampling/dadd_64ns_64ns_64_3_full_dsp_1_U44/farthest_point_sampling_ap_dadd_1_full_dsp_64_u/U0/i_synth/addsub_op/ADDSUB/logic_speed/OP/ALIGN_BLK/FRAC_ADDSUB/dsp_add/FRAC_ADDSUB/i_no_versal_es1_workaround/dsp48e1_add/DSP48E1_ADD/i_no_versal_es1_workaround/DSP/prcs_opmode_drc  File: /opt/Xilinx//Vivado/2020.1/data/vhdl/src/unisims/primitive/DSP48E1.vhd
Warning: OPMODE Input Warning : The OPMODE 001XXXX with CARRYINSEL  000 to DSP48E1 instance is invalid.
Time: 789535 ns  Iteration: 14  Process: /apatb_farthest_point_sampling_top/AESL_inst_farthest_point_sampling/dadd_64ns_64ns_64_3_full_dsp_1_U44/farthest_point_sampling_ap_dadd_1_full_dsp_64_u/U0/i_synth/addsub_op/ADDSUB/logic_speed/OP/ALIGN_BLK/FRAC_ADDSUB/dsp_add/FRAC_ADDSUB/i_no_versal_es1_workaround/dsp48e1_add/DSP48E1_ADD/i_no_versal_es1_workaround/DSP/prcs_opmode_drc  File: /opt/Xilinx//Vivado/2020.1/data/vhdl/src/unisims/primitive/DSP48E1.vhd
Warning: OPMODE Input Warning : The OPMODE 001XXXX with CARRYINSEL  000 to DSP48E1 instance is invalid.
Time: 833645 ns  Iteration: 14  Process: /apatb_farthest_point_sampling_top/AESL_inst_farthest_point_sampling/dadd_64ns_64ns_64_3_full_dsp_1_U44/farthest_point_sampling_ap_dadd_1_full_dsp_64_u/U0/i_synth/addsub_op/ADDSUB/logic_speed/OP/ALIGN_BLK/FRAC_ADDSUB/dsp_add/FRAC_ADDSUB/i_no_versal_es1_workaround/dsp48e1_add/DSP48E1_ADD/i_no_versal_es1_workaround/DSP/prcs_opmode_drc  File: /opt/Xilinx//Vivado/2020.1/data/vhdl/src/unisims/primitive/DSP48E1.vhd
Warning: OPMODE Input Warning : The OPMODE 001XXXX with CARRYINSEL  000 to DSP48E1 instance is invalid.
Time: 833665 ns  Iteration: 14  Process: /apatb_farthest_point_sampling_top/AESL_inst_farthest_point_sampling/dadd_64ns_64ns_64_3_full_dsp_1_U44/farthest_point_sampling_ap_dadd_1_full_dsp_64_u/U0/i_synth/addsub_op/ADDSUB/logic_speed/OP/ALIGN_BLK/FRAC_ADDSUB/dsp_add/FRAC_ADDSUB/i_no_versal_es1_workaround/dsp48e1_add/DSP48E1_ADD/i_no_versal_es1_workaround/DSP/prcs_opmode_drc  File: /opt/Xilinx//Vivado/2020.1/data/vhdl/src/unisims/primitive/DSP48E1.vhd
Warning: OPMODE Input Warning : The OPMODE 001XXXX with CARRYINSEL  000 to DSP48E1 instance is invalid.
Time: 835425 ns  Iteration: 14  Process: /apatb_farthest_point_sampling_top/AESL_inst_farthest_point_sampling/dadd_64ns_64ns_64_3_full_dsp_1_U44/farthest_point_sampling_ap_dadd_1_full_dsp_64_u/U0/i_synth/addsub_op/ADDSUB/logic_speed/OP/ALIGN_BLK/FRAC_ADDSUB/dsp_add/FRAC_ADDSUB/i_no_versal_es1_workaround/dsp48e1_add/DSP48E1_ADD/i_no_versal_es1_workaround/DSP/prcs_opmode_drc  File: /opt/Xilinx//Vivado/2020.1/data/vhdl/src/unisims/primitive/DSP48E1.vhd
Warning: OPMODE Input Warning : The OPMODE 001XXXX with CARRYINSEL  000 to DSP48E1 instance is invalid.
Time: 879535 ns  Iteration: 14  Process: /apatb_farthest_point_sampling_top/AESL_inst_farthest_point_sampling/dadd_64ns_64ns_64_3_full_dsp_1_U44/farthest_point_sampling_ap_dadd_1_full_dsp_64_u/U0/i_synth/addsub_op/ADDSUB/logic_speed/OP/ALIGN_BLK/FRAC_ADDSUB/dsp_add/FRAC_ADDSUB/i_no_versal_es1_workaround/dsp48e1_add/DSP48E1_ADD/i_no_versal_es1_workaround/DSP/prcs_opmode_drc  File: /opt/Xilinx//Vivado/2020.1/data/vhdl/src/unisims/primitive/DSP48E1.vhd
Warning: OPMODE Input Warning : The OPMODE 001XXXX with CARRYINSEL  000 to DSP48E1 instance is invalid.
Time: 879555 ns  Iteration: 14  Process: /apatb_farthest_point_sampling_top/AESL_inst_farthest_point_sampling/dadd_64ns_64ns_64_3_full_dsp_1_U44/farthest_point_sampling_ap_dadd_1_full_dsp_64_u/U0/i_synth/addsub_op/ADDSUB/logic_speed/OP/ALIGN_BLK/FRAC_ADDSUB/dsp_add/FRAC_ADDSUB/i_no_versal_es1_workaround/dsp48e1_add/DSP48E1_ADD/i_no_versal_es1_workaround/DSP/prcs_opmode_drc  File: /opt/Xilinx//Vivado/2020.1/data/vhdl/src/unisims/primitive/DSP48E1.vhd
Warning: OPMODE Input Warning : The OPMODE 001XXXX with CARRYINSEL  000 to DSP48E1 instance is invalid.
Time: 881305 ns  Iteration: 14  Process: /apatb_farthest_point_sampling_top/AESL_inst_farthest_point_sampling/dadd_64ns_64ns_64_3_full_dsp_1_U44/farthest_point_sampling_ap_dadd_1_full_dsp_64_u/U0/i_synth/addsub_op/ADDSUB/logic_speed/OP/ALIGN_BLK/FRAC_ADDSUB/dsp_add/FRAC_ADDSUB/i_no_versal_es1_workaround/dsp48e1_add/DSP48E1_ADD/i_no_versal_es1_workaround/DSP/prcs_opmode_drc  File: /opt/Xilinx//Vivado/2020.1/data/vhdl/src/unisims/primitive/DSP48E1.vhd
Warning: OPMODE Input Warning : The OPMODE 001XXXX with CARRYINSEL  000 to DSP48E1 instance is invalid.
Time: 925415 ns  Iteration: 14  Process: /apatb_farthest_point_sampling_top/AESL_inst_farthest_point_sampling/dadd_64ns_64ns_64_3_full_dsp_1_U44/farthest_point_sampling_ap_dadd_1_full_dsp_64_u/U0/i_synth/addsub_op/ADDSUB/logic_speed/OP/ALIGN_BLK/FRAC_ADDSUB/dsp_add/FRAC_ADDSUB/i_no_versal_es1_workaround/dsp48e1_add/DSP48E1_ADD/i_no_versal_es1_workaround/DSP/prcs_opmode_drc  File: /opt/Xilinx//Vivado/2020.1/data/vhdl/src/unisims/primitive/DSP48E1.vhd
Warning: OPMODE Input Warning : The OPMODE 001XXXX with CARRYINSEL  000 to DSP48E1 instance is invalid.
Time: 925435 ns  Iteration: 14  Process: /apatb_farthest_point_sampling_top/AESL_inst_farthest_point_sampling/dadd_64ns_64ns_64_3_full_dsp_1_U44/farthest_point_sampling_ap_dadd_1_full_dsp_64_u/U0/i_synth/addsub_op/ADDSUB/logic_speed/OP/ALIGN_BLK/FRAC_ADDSUB/dsp_add/FRAC_ADDSUB/i_no_versal_es1_workaround/dsp48e1_add/DSP48E1_ADD/i_no_versal_es1_workaround/DSP/prcs_opmode_drc  File: /opt/Xilinx//Vivado/2020.1/data/vhdl/src/unisims/primitive/DSP48E1.vhd
Warning: OPMODE Input Warning : The OPMODE 001XXXX with CARRYINSEL  000 to DSP48E1 instance is invalid.
Time: 927185 ns  Iteration: 14  Process: /apatb_farthest_point_sampling_top/AESL_inst_farthest_point_sampling/dadd_64ns_64ns_64_3_full_dsp_1_U44/farthest_point_sampling_ap_dadd_1_full_dsp_64_u/U0/i_synth/addsub_op/ADDSUB/logic_speed/OP/ALIGN_BLK/FRAC_ADDSUB/dsp_add/FRAC_ADDSUB/i_no_versal_es1_workaround/dsp48e1_add/DSP48E1_ADD/i_no_versal_es1_workaround/DSP/prcs_opmode_drc  File: /opt/Xilinx//Vivado/2020.1/data/vhdl/src/unisims/primitive/DSP48E1.vhd
Warning: OPMODE Input Warning : The OPMODE 001XXXX with CARRYINSEL  000 to DSP48E1 instance is invalid.
Time: 971295 ns  Iteration: 14  Process: /apatb_farthest_point_sampling_top/AESL_inst_farthest_point_sampling/dadd_64ns_64ns_64_3_full_dsp_1_U44/farthest_point_sampling_ap_dadd_1_full_dsp_64_u/U0/i_synth/addsub_op/ADDSUB/logic_speed/OP/ALIGN_BLK/FRAC_ADDSUB/dsp_add/FRAC_ADDSUB/i_no_versal_es1_workaround/dsp48e1_add/DSP48E1_ADD/i_no_versal_es1_workaround/DSP/prcs_opmode_drc  File: /opt/Xilinx//Vivado/2020.1/data/vhdl/src/unisims/primitive/DSP48E1.vhd
Warning: OPMODE Input Warning : The OPMODE 001XXXX with CARRYINSEL  000 to DSP48E1 instance is invalid.
Time: 971315 ns  Iteration: 14  Process: /apatb_farthest_point_sampling_top/AESL_inst_farthest_point_sampling/dadd_64ns_64ns_64_3_full_dsp_1_U44/farthest_point_sampling_ap_dadd_1_full_dsp_64_u/U0/i_synth/addsub_op/ADDSUB/logic_speed/OP/ALIGN_BLK/FRAC_ADDSUB/dsp_add/FRAC_ADDSUB/i_no_versal_es1_workaround/dsp48e1_add/DSP48E1_ADD/i_no_versal_es1_workaround/DSP/prcs_opmode_drc  File: /opt/Xilinx//Vivado/2020.1/data/vhdl/src/unisims/primitive/DSP48E1.vhd
Warning: OPMODE Input Warning : The OPMODE 001XXXX with CARRYINSEL  000 to DSP48E1 instance is invalid.
Time: 973075 ns  Iteration: 14  Process: /apatb_farthest_point_sampling_top/AESL_inst_farthest_point_sampling/dadd_64ns_64ns_64_3_full_dsp_1_U44/farthest_point_sampling_ap_dadd_1_full_dsp_64_u/U0/i_synth/addsub_op/ADDSUB/logic_speed/OP/ALIGN_BLK/FRAC_ADDSUB/dsp_add/FRAC_ADDSUB/i_no_versal_es1_workaround/dsp48e1_add/DSP48E1_ADD/i_no_versal_es1_workaround/DSP/prcs_opmode_drc  File: /opt/Xilinx//Vivado/2020.1/data/vhdl/src/unisims/primitive/DSP48E1.vhd
Warning: OPMODE Input Warning : The OPMODE 001XXXX with CARRYINSEL  000 to DSP48E1 instance is invalid.
Time: 1017185 ns  Iteration: 14  Process: /apatb_farthest_point_sampling_top/AESL_inst_farthest_point_sampling/dadd_64ns_64ns_64_3_full_dsp_1_U44/farthest_point_sampling_ap_dadd_1_full_dsp_64_u/U0/i_synth/addsub_op/ADDSUB/logic_speed/OP/ALIGN_BLK/FRAC_ADDSUB/dsp_add/FRAC_ADDSUB/i_no_versal_es1_workaround/dsp48e1_add/DSP48E1_ADD/i_no_versal_es1_workaround/DSP/prcs_opmode_drc  File: /opt/Xilinx//Vivado/2020.1/data/vhdl/src/unisims/primitive/DSP48E1.vhd
Warning: OPMODE Input Warning : The OPMODE 001XXXX with CARRYINSEL  000 to DSP48E1 instance is invalid.
Time: 1017205 ns  Iteration: 14  Process: /apatb_farthest_point_sampling_top/AESL_inst_farthest_point_sampling/dadd_64ns_64ns_64_3_full_dsp_1_U44/farthest_point_sampling_ap_dadd_1_full_dsp_64_u/U0/i_synth/addsub_op/ADDSUB/logic_speed/OP/ALIGN_BLK/FRAC_ADDSUB/dsp_add/FRAC_ADDSUB/i_no_versal_es1_workaround/dsp48e1_add/DSP48E1_ADD/i_no_versal_es1_workaround/DSP/prcs_opmode_drc  File: /opt/Xilinx//Vivado/2020.1/data/vhdl/src/unisims/primitive/DSP48E1.vhd
Warning: OPMODE Input Warning : The OPMODE 001XXXX with CARRYINSEL  000 to DSP48E1 instance is invalid.
Time: 1018965 ns  Iteration: 16  Process: /apatb_farthest_point_sampling_top/AESL_inst_farthest_point_sampling/dadd_64ns_64ns_64_3_full_dsp_1_U44/farthest_point_sampling_ap_dadd_1_full_dsp_64_u/U0/i_synth/addsub_op/ADDSUB/logic_speed/OP/ALIGN_BLK/FRAC_ADDSUB/dsp_add/FRAC_ADDSUB/i_no_versal_es1_workaround/dsp48e1_add/DSP48E1_ADD/i_no_versal_es1_workaround/DSP/prcs_opmode_drc  File: /opt/Xilinx//Vivado/2020.1/data/vhdl/src/unisims/primitive/DSP48E1.vhd
Warning: OPMODE Input Warning : The OPMODE 001XXXX with CARRYINSEL  000 to DSP48E1 instance is invalid.
Time: 1063075 ns  Iteration: 14  Process: /apatb_farthest_point_sampling_top/AESL_inst_farthest_point_sampling/dadd_64ns_64ns_64_3_full_dsp_1_U44/farthest_point_sampling_ap_dadd_1_full_dsp_64_u/U0/i_synth/addsub_op/ADDSUB/logic_speed/OP/ALIGN_BLK/FRAC_ADDSUB/dsp_add/FRAC_ADDSUB/i_no_versal_es1_workaround/dsp48e1_add/DSP48E1_ADD/i_no_versal_es1_workaround/DSP/prcs_opmode_drc  File: /opt/Xilinx//Vivado/2020.1/data/vhdl/src/unisims/primitive/DSP48E1.vhd
Warning: OPMODE Input Warning : The OPMODE 001XXXX with CARRYINSEL  000 to DSP48E1 instance is invalid.
Time: 1063095 ns  Iteration: 14  Process: /apatb_farthest_point_sampling_top/AESL_inst_farthest_point_sampling/dadd_64ns_64ns_64_3_full_dsp_1_U44/farthest_point_sampling_ap_dadd_1_full_dsp_64_u/U0/i_synth/addsub_op/ADDSUB/logic_speed/OP/ALIGN_BLK/FRAC_ADDSUB/dsp_add/FRAC_ADDSUB/i_no_versal_es1_workaround/dsp48e1_add/DSP48E1_ADD/i_no_versal_es1_workaround/DSP/prcs_opmode_drc  File: /opt/Xilinx//Vivado/2020.1/data/vhdl/src/unisims/primitive/DSP48E1.vhd
Warning: OPMODE Input Warning : The OPMODE 001XXXX with CARRYINSEL  000 to DSP48E1 instance is invalid.
Time: 1064845 ns  Iteration: 14  Process: /apatb_farthest_point_sampling_top/AESL_inst_farthest_point_sampling/dadd_64ns_64ns_64_3_full_dsp_1_U44/farthest_point_sampling_ap_dadd_1_full_dsp_64_u/U0/i_synth/addsub_op/ADDSUB/logic_speed/OP/ALIGN_BLK/FRAC_ADDSUB/dsp_add/FRAC_ADDSUB/i_no_versal_es1_workaround/dsp48e1_add/DSP48E1_ADD/i_no_versal_es1_workaround/DSP/prcs_opmode_drc  File: /opt/Xilinx//Vivado/2020.1/data/vhdl/src/unisims/primitive/DSP48E1.vhd
Warning: OPMODE Input Warning : The OPMODE 001XXXX with CARRYINSEL  000 to DSP48E1 instance is invalid.
Time: 1108955 ns  Iteration: 14  Process: /apatb_farthest_point_sampling_top/AESL_inst_farthest_point_sampling/dadd_64ns_64ns_64_3_full_dsp_1_U44/farthest_point_sampling_ap_dadd_1_full_dsp_64_u/U0/i_synth/addsub_op/ADDSUB/logic_speed/OP/ALIGN_BLK/FRAC_ADDSUB/dsp_add/FRAC_ADDSUB/i_no_versal_es1_workaround/dsp48e1_add/DSP48E1_ADD/i_no_versal_es1_workaround/DSP/prcs_opmode_drc  File: /opt/Xilinx//Vivado/2020.1/data/vhdl/src/unisims/primitive/DSP48E1.vhd
Warning: OPMODE Input Warning : The OPMODE 001XXXX with CARRYINSEL  000 to DSP48E1 instance is invalid.
Time: 1108975 ns  Iteration: 14  Process: /apatb_farthest_point_sampling_top/AESL_inst_farthest_point_sampling/dadd_64ns_64ns_64_3_full_dsp_1_U44/farthest_point_sampling_ap_dadd_1_full_dsp_64_u/U0/i_synth/addsub_op/ADDSUB/logic_speed/OP/ALIGN_BLK/FRAC_ADDSUB/dsp_add/FRAC_ADDSUB/i_no_versal_es1_workaround/dsp48e1_add/DSP48E1_ADD/i_no_versal_es1_workaround/DSP/prcs_opmode_drc  File: /opt/Xilinx//Vivado/2020.1/data/vhdl/src/unisims/primitive/DSP48E1.vhd
Warning: OPMODE Input Warning : The OPMODE 001XXXX with CARRYINSEL  000 to DSP48E1 instance is invalid.
Time: 1110725 ns  Iteration: 14  Process: /apatb_farthest_point_sampling_top/AESL_inst_farthest_point_sampling/dadd_64ns_64ns_64_3_full_dsp_1_U44/farthest_point_sampling_ap_dadd_1_full_dsp_64_u/U0/i_synth/addsub_op/ADDSUB/logic_speed/OP/ALIGN_BLK/FRAC_ADDSUB/dsp_add/FRAC_ADDSUB/i_no_versal_es1_workaround/dsp48e1_add/DSP48E1_ADD/i_no_versal_es1_workaround/DSP/prcs_opmode_drc  File: /opt/Xilinx//Vivado/2020.1/data/vhdl/src/unisims/primitive/DSP48E1.vhd
Warning: OPMODE Input Warning : The OPMODE 001XXXX with CARRYINSEL  000 to DSP48E1 instance is invalid.
Time: 1154835 ns  Iteration: 14  Process: /apatb_farthest_point_sampling_top/AESL_inst_farthest_point_sampling/dadd_64ns_64ns_64_3_full_dsp_1_U44/farthest_point_sampling_ap_dadd_1_full_dsp_64_u/U0/i_synth/addsub_op/ADDSUB/logic_speed/OP/ALIGN_BLK/FRAC_ADDSUB/dsp_add/FRAC_ADDSUB/i_no_versal_es1_workaround/dsp48e1_add/DSP48E1_ADD/i_no_versal_es1_workaround/DSP/prcs_opmode_drc  File: /opt/Xilinx//Vivado/2020.1/data/vhdl/src/unisims/primitive/DSP48E1.vhd
Warning: OPMODE Input Warning : The OPMODE 001XXXX with CARRYINSEL  000 to DSP48E1 instance is invalid.
Time: 1154855 ns  Iteration: 14  Process: /apatb_farthest_point_sampling_top/AESL_inst_farthest_point_sampling/dadd_64ns_64ns_64_3_full_dsp_1_U44/farthest_point_sampling_ap_dadd_1_full_dsp_64_u/U0/i_synth/addsub_op/ADDSUB/logic_speed/OP/ALIGN_BLK/FRAC_ADDSUB/dsp_add/FRAC_ADDSUB/i_no_versal_es1_workaround/dsp48e1_add/DSP48E1_ADD/i_no_versal_es1_workaround/DSP/prcs_opmode_drc  File: /opt/Xilinx//Vivado/2020.1/data/vhdl/src/unisims/primitive/DSP48E1.vhd
Warning: OPMODE Input Warning : The OPMODE 001XXXX with CARRYINSEL  000 to DSP48E1 instance is invalid.
Time: 1156615 ns  Iteration: 14  Process: /apatb_farthest_point_sampling_top/AESL_inst_farthest_point_sampling/dadd_64ns_64ns_64_3_full_dsp_1_U44/farthest_point_sampling_ap_dadd_1_full_dsp_64_u/U0/i_synth/addsub_op/ADDSUB/logic_speed/OP/ALIGN_BLK/FRAC_ADDSUB/dsp_add/FRAC_ADDSUB/i_no_versal_es1_workaround/dsp48e1_add/DSP48E1_ADD/i_no_versal_es1_workaround/DSP/prcs_opmode_drc  File: /opt/Xilinx//Vivado/2020.1/data/vhdl/src/unisims/primitive/DSP48E1.vhd
Warning: OPMODE Input Warning : The OPMODE 001XXXX with CARRYINSEL  000 to DSP48E1 instance is invalid.
Time: 1200725 ns  Iteration: 14  Process: /apatb_farthest_point_sampling_top/AESL_inst_farthest_point_sampling/dadd_64ns_64ns_64_3_full_dsp_1_U44/farthest_point_sampling_ap_dadd_1_full_dsp_64_u/U0/i_synth/addsub_op/ADDSUB/logic_speed/OP/ALIGN_BLK/FRAC_ADDSUB/dsp_add/FRAC_ADDSUB/i_no_versal_es1_workaround/dsp48e1_add/DSP48E1_ADD/i_no_versal_es1_workaround/DSP/prcs_opmode_drc  File: /opt/Xilinx//Vivado/2020.1/data/vhdl/src/unisims/primitive/DSP48E1.vhd
Warning: OPMODE Input Warning : The OPMODE 001XXXX with CARRYINSEL  000 to DSP48E1 instance is invalid.
Time: 1200745 ns  Iteration: 14  Process: /apatb_farthest_point_sampling_top/AESL_inst_farthest_point_sampling/dadd_64ns_64ns_64_3_full_dsp_1_U44/farthest_point_sampling_ap_dadd_1_full_dsp_64_u/U0/i_synth/addsub_op/ADDSUB/logic_speed/OP/ALIGN_BLK/FRAC_ADDSUB/dsp_add/FRAC_ADDSUB/i_no_versal_es1_workaround/dsp48e1_add/DSP48E1_ADD/i_no_versal_es1_workaround/DSP/prcs_opmode_drc  File: /opt/Xilinx//Vivado/2020.1/data/vhdl/src/unisims/primitive/DSP48E1.vhd
Warning: OPMODE Input Warning : The OPMODE 001XXXX with CARRYINSEL  000 to DSP48E1 instance is invalid.
Time: 1202505 ns  Iteration: 14  Process: /apatb_farthest_point_sampling_top/AESL_inst_farthest_point_sampling/dadd_64ns_64ns_64_3_full_dsp_1_U44/farthest_point_sampling_ap_dadd_1_full_dsp_64_u/U0/i_synth/addsub_op/ADDSUB/logic_speed/OP/ALIGN_BLK/FRAC_ADDSUB/dsp_add/FRAC_ADDSUB/i_no_versal_es1_workaround/dsp48e1_add/DSP48E1_ADD/i_no_versal_es1_workaround/DSP/prcs_opmode_drc  File: /opt/Xilinx//Vivado/2020.1/data/vhdl/src/unisims/primitive/DSP48E1.vhd
Warning: OPMODE Input Warning : The OPMODE 001XXXX with CARRYINSEL  000 to DSP48E1 instance is invalid.
Time: 1246615 ns  Iteration: 14  Process: /apatb_farthest_point_sampling_top/AESL_inst_farthest_point_sampling/dadd_64ns_64ns_64_3_full_dsp_1_U44/farthest_point_sampling_ap_dadd_1_full_dsp_64_u/U0/i_synth/addsub_op/ADDSUB/logic_speed/OP/ALIGN_BLK/FRAC_ADDSUB/dsp_add/FRAC_ADDSUB/i_no_versal_es1_workaround/dsp48e1_add/DSP48E1_ADD/i_no_versal_es1_workaround/DSP/prcs_opmode_drc  File: /opt/Xilinx//Vivado/2020.1/data/vhdl/src/unisims/primitive/DSP48E1.vhd
Warning: OPMODE Input Warning : The OPMODE 001XXXX with CARRYINSEL  000 to DSP48E1 instance is invalid.
Time: 1246635 ns  Iteration: 14  Process: /apatb_farthest_point_sampling_top/AESL_inst_farthest_point_sampling/dadd_64ns_64ns_64_3_full_dsp_1_U44/farthest_point_sampling_ap_dadd_1_full_dsp_64_u/U0/i_synth/addsub_op/ADDSUB/logic_speed/OP/ALIGN_BLK/FRAC_ADDSUB/dsp_add/FRAC_ADDSUB/i_no_versal_es1_workaround/dsp48e1_add/DSP48E1_ADD/i_no_versal_es1_workaround/DSP/prcs_opmode_drc  File: /opt/Xilinx//Vivado/2020.1/data/vhdl/src/unisims/primitive/DSP48E1.vhd
Warning: OPMODE Input Warning : The OPMODE 001XXXX with CARRYINSEL  000 to DSP48E1 instance is invalid.
Time: 1248385 ns  Iteration: 14  Process: /apatb_farthest_point_sampling_top/AESL_inst_farthest_point_sampling/dadd_64ns_64ns_64_3_full_dsp_1_U44/farthest_point_sampling_ap_dadd_1_full_dsp_64_u/U0/i_synth/addsub_op/ADDSUB/logic_speed/OP/ALIGN_BLK/FRAC_ADDSUB/dsp_add/FRAC_ADDSUB/i_no_versal_es1_workaround/dsp48e1_add/DSP48E1_ADD/i_no_versal_es1_workaround/DSP/prcs_opmode_drc  File: /opt/Xilinx//Vivado/2020.1/data/vhdl/src/unisims/primitive/DSP48E1.vhd
Warning: OPMODE Input Warning : The OPMODE 001XXXX with CARRYINSEL  000 to DSP48E1 instance is invalid.
Time: 1292495 ns  Iteration: 14  Process: /apatb_farthest_point_sampling_top/AESL_inst_farthest_point_sampling/dadd_64ns_64ns_64_3_full_dsp_1_U44/farthest_point_sampling_ap_dadd_1_full_dsp_64_u/U0/i_synth/addsub_op/ADDSUB/logic_speed/OP/ALIGN_BLK/FRAC_ADDSUB/dsp_add/FRAC_ADDSUB/i_no_versal_es1_workaround/dsp48e1_add/DSP48E1_ADD/i_no_versal_es1_workaround/DSP/prcs_opmode_drc  File: /opt/Xilinx//Vivado/2020.1/data/vhdl/src/unisims/primitive/DSP48E1.vhd
Warning: OPMODE Input Warning : The OPMODE 001XXXX with CARRYINSEL  000 to DSP48E1 instance is invalid.
Time: 1292515 ns  Iteration: 14  Process: /apatb_farthest_point_sampling_top/AESL_inst_farthest_point_sampling/dadd_64ns_64ns_64_3_full_dsp_1_U44/farthest_point_sampling_ap_dadd_1_full_dsp_64_u/U0/i_synth/addsub_op/ADDSUB/logic_speed/OP/ALIGN_BLK/FRAC_ADDSUB/dsp_add/FRAC_ADDSUB/i_no_versal_es1_workaround/dsp48e1_add/DSP48E1_ADD/i_no_versal_es1_workaround/DSP/prcs_opmode_drc  File: /opt/Xilinx//Vivado/2020.1/data/vhdl/src/unisims/primitive/DSP48E1.vhd
Warning: OPMODE Input Warning : The OPMODE 001XXXX with CARRYINSEL  000 to DSP48E1 instance is invalid.
Time: 1294265 ns  Iteration: 14  Process: /apatb_farthest_point_sampling_top/AESL_inst_farthest_point_sampling/dadd_64ns_64ns_64_3_full_dsp_1_U44/farthest_point_sampling_ap_dadd_1_full_dsp_64_u/U0/i_synth/addsub_op/ADDSUB/logic_speed/OP/ALIGN_BLK/FRAC_ADDSUB/dsp_add/FRAC_ADDSUB/i_no_versal_es1_workaround/dsp48e1_add/DSP48E1_ADD/i_no_versal_es1_workaround/DSP/prcs_opmode_drc  File: /opt/Xilinx//Vivado/2020.1/data/vhdl/src/unisims/primitive/DSP48E1.vhd
Warning: OPMODE Input Warning : The OPMODE 001XXXX with CARRYINSEL  000 to DSP48E1 instance is invalid.
Time: 1338375 ns  Iteration: 14  Process: /apatb_farthest_point_sampling_top/AESL_inst_farthest_point_sampling/dadd_64ns_64ns_64_3_full_dsp_1_U44/farthest_point_sampling_ap_dadd_1_full_dsp_64_u/U0/i_synth/addsub_op/ADDSUB/logic_speed/OP/ALIGN_BLK/FRAC_ADDSUB/dsp_add/FRAC_ADDSUB/i_no_versal_es1_workaround/dsp48e1_add/DSP48E1_ADD/i_no_versal_es1_workaround/DSP/prcs_opmode_drc  File: /opt/Xilinx//Vivado/2020.1/data/vhdl/src/unisims/primitive/DSP48E1.vhd
Warning: OPMODE Input Warning : The OPMODE 001XXXX with CARRYINSEL  000 to DSP48E1 instance is invalid.
Time: 1338395 ns  Iteration: 14  Process: /apatb_farthest_point_sampling_top/AESL_inst_farthest_point_sampling/dadd_64ns_64ns_64_3_full_dsp_1_U44/farthest_point_sampling_ap_dadd_1_full_dsp_64_u/U0/i_synth/addsub_op/ADDSUB/logic_speed/OP/ALIGN_BLK/FRAC_ADDSUB/dsp_add/FRAC_ADDSUB/i_no_versal_es1_workaround/dsp48e1_add/DSP48E1_ADD/i_no_versal_es1_workaround/DSP/prcs_opmode_drc  File: /opt/Xilinx//Vivado/2020.1/data/vhdl/src/unisims/primitive/DSP48E1.vhd
Warning: OPMODE Input Warning : The OPMODE 001XXXX with CARRYINSEL  000 to DSP48E1 instance is invalid.
Time: 1340155 ns  Iteration: 14  Process: /apatb_farthest_point_sampling_top/AESL_inst_farthest_point_sampling/dadd_64ns_64ns_64_3_full_dsp_1_U44/farthest_point_sampling_ap_dadd_1_full_dsp_64_u/U0/i_synth/addsub_op/ADDSUB/logic_speed/OP/ALIGN_BLK/FRAC_ADDSUB/dsp_add/FRAC_ADDSUB/i_no_versal_es1_workaround/dsp48e1_add/DSP48E1_ADD/i_no_versal_es1_workaround/DSP/prcs_opmode_drc  File: /opt/Xilinx//Vivado/2020.1/data/vhdl/src/unisims/primitive/DSP48E1.vhd
Warning: OPMODE Input Warning : The OPMODE 001XXXX with CARRYINSEL  000 to DSP48E1 instance is invalid.
Time: 1384265 ns  Iteration: 14  Process: /apatb_farthest_point_sampling_top/AESL_inst_farthest_point_sampling/dadd_64ns_64ns_64_3_full_dsp_1_U44/farthest_point_sampling_ap_dadd_1_full_dsp_64_u/U0/i_synth/addsub_op/ADDSUB/logic_speed/OP/ALIGN_BLK/FRAC_ADDSUB/dsp_add/FRAC_ADDSUB/i_no_versal_es1_workaround/dsp48e1_add/DSP48E1_ADD/i_no_versal_es1_workaround/DSP/prcs_opmode_drc  File: /opt/Xilinx//Vivado/2020.1/data/vhdl/src/unisims/primitive/DSP48E1.vhd
Warning: OPMODE Input Warning : The OPMODE 001XXXX with CARRYINSEL  000 to DSP48E1 instance is invalid.
Time: 1384285 ns  Iteration: 14  Process: /apatb_farthest_point_sampling_top/AESL_inst_farthest_point_sampling/dadd_64ns_64ns_64_3_full_dsp_1_U44/farthest_point_sampling_ap_dadd_1_full_dsp_64_u/U0/i_synth/addsub_op/ADDSUB/logic_speed/OP/ALIGN_BLK/FRAC_ADDSUB/dsp_add/FRAC_ADDSUB/i_no_versal_es1_workaround/dsp48e1_add/DSP48E1_ADD/i_no_versal_es1_workaround/DSP/prcs_opmode_drc  File: /opt/Xilinx//Vivado/2020.1/data/vhdl/src/unisims/primitive/DSP48E1.vhd
Warning: OPMODE Input Warning : The OPMODE 001XXXX with CARRYINSEL  000 to DSP48E1 instance is invalid.
Time: 1386045 ns  Iteration: 14  Process: /apatb_farthest_point_sampling_top/AESL_inst_farthest_point_sampling/dadd_64ns_64ns_64_3_full_dsp_1_U44/farthest_point_sampling_ap_dadd_1_full_dsp_64_u/U0/i_synth/addsub_op/ADDSUB/logic_speed/OP/ALIGN_BLK/FRAC_ADDSUB/dsp_add/FRAC_ADDSUB/i_no_versal_es1_workaround/dsp48e1_add/DSP48E1_ADD/i_no_versal_es1_workaround/DSP/prcs_opmode_drc  File: /opt/Xilinx//Vivado/2020.1/data/vhdl/src/unisims/primitive/DSP48E1.vhd
Warning: OPMODE Input Warning : The OPMODE 001XXXX with CARRYINSEL  000 to DSP48E1 instance is invalid.
Time: 1429775 ns  Iteration: 14  Process: /apatb_farthest_point_sampling_top/AESL_inst_farthest_point_sampling/dadd_64ns_64ns_64_3_full_dsp_1_U44/farthest_point_sampling_ap_dadd_1_full_dsp_64_u/U0/i_synth/addsub_op/ADDSUB/logic_speed/OP/ALIGN_BLK/FRAC_ADDSUB/dsp_add/FRAC_ADDSUB/i_no_versal_es1_workaround/dsp48e1_add/DSP48E1_ADD/i_no_versal_es1_workaround/DSP/prcs_opmode_drc  File: /opt/Xilinx//Vivado/2020.1/data/vhdl/src/unisims/primitive/DSP48E1.vhd
Warning: OPMODE Input Warning : The OPMODE 001XXXX with CARRYINSEL  000 to DSP48E1 instance is invalid.
Time: 1429795 ns  Iteration: 14  Process: /apatb_farthest_point_sampling_top/AESL_inst_farthest_point_sampling/dadd_64ns_64ns_64_3_full_dsp_1_U44/farthest_point_sampling_ap_dadd_1_full_dsp_64_u/U0/i_synth/addsub_op/ADDSUB/logic_speed/OP/ALIGN_BLK/FRAC_ADDSUB/dsp_add/FRAC_ADDSUB/i_no_versal_es1_workaround/dsp48e1_add/DSP48E1_ADD/i_no_versal_es1_workaround/DSP/prcs_opmode_drc  File: /opt/Xilinx//Vivado/2020.1/data/vhdl/src/unisims/primitive/DSP48E1.vhd
// RTL Simulation : 1 / 1 [100.00%] @ "1430705000"
////////////////////////////////////////////////////////////////////////////////////
$finish called at time : 1430745 ns : File "/home/hanmeng/Documents/tinyFPS/hls/FPS/opt/sim/verilog/farthest_point_sampling.autotb.v" Line 435
run: Time (s): cpu = 00:00:01 ; elapsed = 00:01:09 . Memory (MB): peak = 2231.430 ; gain = 0.000 ; free physical = 21197 ; free virtual = 32887
## quit
INFO: [Common 17-206] Exiting xsim at Fri Feb 26 14:22:55 2021...
