#-----------------------------------------------------------
# Vivado v2020.1 (64-bit)
# SW Build 2902540 on Wed May 27 19:54:35 MDT 2020
# IP Build 2902112 on Wed May 27 22:43:36 MDT 2020
# Start of session at: Fri Feb 26 14:20:57 2021
# Process ID: 2847
# Current directory: /home/hanmeng/Documents/tinyFPS/hls/FPS/opt/.autopilot/db/ip_tmp
# Command line: vivado  -notrace -log vivado.log -mode batch -source run_vivado_gen_ip.tcl
# Log file: /home/hanmeng/Documents/tinyFPS/hls/FPS/opt/.autopilot/db/ip_tmp/vivado.log
# Journal file: /home/hanmeng/Documents/tinyFPS/hls/FPS/opt/.autopilot/db/ip_tmp/vivado.jou
#-----------------------------------------------------------
source run_vivado_gen_ip.tcl -notrace
INFO: [IP_Flow 19-234] Refreshing IP repositories
INFO: [IP_Flow 19-1704] No user IP repositories specified
INFO: [IP_Flow 19-2313] Loaded Vivado IP repository '/opt/Xilinx/Vivado/2020.1/data/ip'.
WARNING: [IP_Flow 19-4832] The IP name 'farthest_point_sampling_ap_sitodp_0_no_dsp_32' you have specified is long. The Windows operating system has path length limitations. It is recommended you use shorter names to reduce the likelihood of issues.
INFO: [IP_Flow 19-1686] Generating 'Synthesis' target for IP 'farthest_point_sampling_ap_sitodp_0_no_dsp_32'...
INFO: [IP_Flow 19-1686] Generating 'Simulation' target for IP 'farthest_point_sampling_ap_sitodp_0_no_dsp_32'...
WARNING: [IP_Flow 19-4832] The IP name 'farthest_point_sampling_ap_dadd_1_full_dsp_64' you have specified is long. The Windows operating system has path length limitations. It is recommended you use shorter names to reduce the likelihood of issues.
INFO: [IP_Flow 19-1686] Generating 'Synthesis' target for IP 'farthest_point_sampling_ap_dadd_1_full_dsp_64'...
INFO: [IP_Flow 19-1686] Generating 'Simulation' target for IP 'farthest_point_sampling_ap_dadd_1_full_dsp_64'...
INFO: [Common 17-206] Exiting Vivado at Fri Feb 26 14:21:11 2021...
